<?xml version="1.0" encoding="UTF-8"?>
<!-- Generated by org.testng.reporters.JUnitReportReporter -->
<testsuite hostname="BLRPC678" failures="0" tests="2" name="com.tests.HomePageTest" time="24.808" errors="0" timestamp="6 Mar 2021 23:00:46 GMT">
  <testcase classname="com.tests.HomePageTest" name="clickon" time="13.440"/>
  <testcase classname="com.tests.HomePageTest" name="ckeck" time="11.368"/>
</testsuite> <!-- com.tests.HomePageTest -->
